<?xml version="1.0" encoding="UTF-8"?>
<testng-results ignored="0" total="1" passed="0" failed="0" skipped="1">
  <reporter-output>
    <line>
      <![CDATA[launching chrome browser]]>
    </line>
    <line>
      <![CDATA[Maximizing the window]]>
    </line>
    <line>
      <![CDATA[Setting implict wait to 10 seconds]]>
    </line>
  </reporter-output>
  <suite started-at="2021-11-25T12:19:47 IST" name="Default suite" finished-at="2021-11-25T12:19:48 IST" duration-ms="1774">
    <groups>
    </groups>
    <test started-at="2021-11-25T12:19:47 IST" name="Default test" finished-at="2021-11-25T12:19:48 IST" duration-ms="1774">
      <class name="com.sdet.vtigerlogin.LoginTest">
        <test-method signature="verifyUserAbleToLoginWithalidCredentials()[pri:0, instance:com.sdet.vtigerlogin.LoginTest@7a419da4]" started-at="2021-11-25T12:19:47 IST" name="verifyUserAbleToLoginWithalidCredentials" finished-at="2021-11-25T12:19:48 IST" duration-ms="1736" status="SKIP">
          <exception class="org.testng.SkipException">
            <message>
              <![CDATA[skip]]>
            </message>
            <full-stacktrace>
              <![CDATA[org.testng.SkipException: skip
at com.sdet.vtigerlogin.LoginTest.verifyUserAbleToLoginWithalidCredentials(LoginTest.java:26)
at java.base/jdk.internal.reflect.NativeMethodAccessorImpl.invoke0(Native Method)
at java.base/jdk.internal.reflect.NativeMethodAccessorImpl.invoke(NativeMethodAccessorImpl.java:78)
at java.base/jdk.internal.reflect.DelegatingMethodAccessorImpl.invoke(DelegatingMethodAccessorImpl.java:43)
at java.base/java.lang.reflect.Method.invoke(Method.java:567)
at org.testng.internal.MethodInvocationHelper.invokeMethod(MethodInvocationHelper.java:133)
at org.testng.internal.TestInvoker.invokeMethod(TestInvoker.java:598)
at org.testng.internal.TestInvoker.invokeTestMethod(TestInvoker.java:173)
at org.testng.internal.MethodRunner.runInSequence(MethodRunner.java:46)
at org.testng.internal.TestInvoker$MethodInvocationAgent.invoke(TestInvoker.java:824)
at org.testng.internal.TestInvoker.invokeTestMethods(TestInvoker.java:146)
at org.testng.internal.TestMethodWorker.invokeTestMethods(TestMethodWorker.java:146)
at org.testng.internal.TestMethodWorker.run(TestMethodWorker.java:128)
at java.base/java.util.ArrayList.forEach(ArrayList.java:1511)
at org.testng.TestRunner.privateRun(TestRunner.java:794)
at org.testng.TestRunner.run(TestRunner.java:596)
at org.testng.SuiteRunner.runTest(SuiteRunner.java:377)
at org.testng.SuiteRunner.runSequentially(SuiteRunner.java:371)
at org.testng.SuiteRunner.privateRun(SuiteRunner.java:332)
at org.testng.SuiteRunner.run(SuiteRunner.java:276)
at org.testng.SuiteRunnerWorker.runSuite(SuiteRunnerWorker.java:53)
at org.testng.SuiteRunnerWorker.run(SuiteRunnerWorker.java:96)
at org.testng.TestNG.runSuitesSequentially(TestNG.java:1212)
at org.testng.TestNG.runSuitesLocally(TestNG.java:1134)
at org.testng.TestNG.runSuites(TestNG.java:1063)
at org.testng.TestNG.run(TestNG.java:1031)
at org.testng.remote.AbstractRemoteTestNG.run(AbstractRemoteTestNG.java:115)
at org.testng.remote.RemoteTestNG.initAndRun(RemoteTestNG.java:251)
at org.testng.remote.RemoteTestNG.main(RemoteTestNG.java:77)
]]>
            </full-stacktrace>
          </exception> <!-- org.testng.SkipException -->
          <reporter-output>
            <line>
              <![CDATA[launching chrome browser]]>
            </line>
            <line>
              <![CDATA[Maximizing the window]]>
            </line>
            <line>
              <![CDATA[Setting implict wait to 10 seconds]]>
            </line>
          </reporter-output>
        </test-method> <!-- verifyUserAbleToLoginWithalidCredentials -->
      </class> <!-- com.sdet.vtigerlogin.LoginTest -->
    </test> <!-- Default test -->
  </suite> <!-- Default suite -->
</testng-results>
